<?xml version="1.0" encoding="UTF-8"?>
<testsuite xmlns:xsi="http://www.w3.org/2001/XMLSchema-instance" xsi:schemaLocation="https://maven.apache.org/surefire/maven-surefire-plugin/xsd/surefire-test-report.xsd" name="TestSuite" time="0.604" tests="18" errors="0" skipped="17" failures="1">
  <properties>
    <property name="java.runtime.name" value="OpenJDK Runtime Environment"/>
    <property name="sun.boot.library.path" value="/usr/lib/jvm/java-8-openjdk-amd64/jre/lib/amd64"/>
    <property name="java.vm.version" value="25.162-b12"/>
    <property name="java.vm.vendor" value="Oracle Corporation"/>
    <property name="maven.multiModuleProjectDirectory" value="/home/hp/eclipse-workspace/ImFootball"/>
    <property name="java.vendor.url" value="http://java.oracle.com/"/>
    <property name="path.separator" value=":"/>
    <property name="guice.disable.misplaced.annotation.check" value="true"/>
    <property name="java.vm.name" value="OpenJDK 64-Bit Server VM"/>
    <property name="file.encoding.pkg" value="sun.io"/>
    <property name="user.country" value="IN"/>
    <property name="sun.java.launcher" value="SUN_STANDARD"/>
    <property name="sun.os.patch.level" value="unknown"/>
    <property name="java.vm.specification.name" value="Java Virtual Machine Specification"/>
    <property name="user.dir" value="/home/hp/eclipse-workspace/ImFootball"/>
    <property name="java.runtime.version" value="1.8.0_162-8u162-b12-1~14.04-b12"/>
    <property name="java.awt.graphicsenv" value="sun.awt.X11GraphicsEnvironment"/>
    <property name="java.endorsed.dirs" value="/usr/lib/jvm/java-8-openjdk-amd64/jre/lib/endorsed"/>
    <property name="os.arch" value="amd64"/>
    <property name="java.io.tmpdir" value="/tmp"/>
    <property name="line.separator" value="&#10;"/>
    <property name="java.vm.specification.vendor" value="Oracle Corporation"/>
    <property name="os.name" value="Linux"/>
    <property name="classworlds.conf" value="/home/hp/eclipse-workspace/.metadata/.plugins/org.eclipse.m2e.launching/launches/m2conf912652450634933612.tmp"/>
    <property name="sun.jnu.encoding" value="UTF-8"/>
    <property name="java.library.path" value="/usr/java/packages/lib/amd64:/usr/lib/x86_64-linux-gnu/jni:/lib/x86_64-linux-gnu:/usr/lib/x86_64-linux-gnu:/usr/lib/jni:/lib:/usr/lib"/>
    <property name="java.specification.name" value="Java Platform API Specification"/>
    <property name="java.class.version" value="52.0"/>
    <property name="sun.management.compiler" value="HotSpot 64-Bit Tiered Compilers"/>
    <property name="os.version" value="4.2.0-27-generic"/>
    <property name="user.home" value="/home/hp"/>
    <property name="user.timezone" value="Asia/Kolkata"/>
    <property name="java.awt.printerjob" value="sun.print.PSPrinterJob"/>
    <property name="file.encoding" value="UTF-8"/>
    <property name="java.specification.version" value="1.8"/>
    <property name="user.name" value="hp"/>
    <property name="java.class.path" value="/home/hp/Priyanka/Ecllipse/eclipse/plugins/org.eclipse.m2e.maven.runtime_1.9.0.20180313-2236/jars/plexus-classworlds-2.5.2.jar"/>
    <property name="java.vm.specification.version" value="1.8"/>
    <property name="sun.arch.data.model" value="64"/>
    <property name="java.home" value="/usr/lib/jvm/java-8-openjdk-amd64/jre"/>
    <property name="sun.java.command" value="org.codehaus.plexus.classworlds.launcher.Launcher -B test"/>
    <property name="java.specification.vendor" value="Oracle Corporation"/>
    <property name="user.language" value="en"/>
    <property name="awt.toolkit" value="sun.awt.X11.XToolkit"/>
    <property name="java.vm.info" value="mixed mode"/>
    <property name="java.version" value="1.8.0_162"/>
    <property name="java.ext.dirs" value="/usr/lib/jvm/java-8-openjdk-amd64/jre/lib/ext:/usr/java/packages/lib/ext"/>
    <property name="securerandom.source" value="file:/dev/./urandom"/>
    <property name="sun.boot.class.path" value="/usr/lib/jvm/java-8-openjdk-amd64/jre/lib/resources.jar:/usr/lib/jvm/java-8-openjdk-amd64/jre/lib/rt.jar:/usr/lib/jvm/java-8-openjdk-amd64/jre/lib/sunrsasign.jar:/usr/lib/jvm/java-8-openjdk-amd64/jre/lib/jsse.jar:/usr/lib/jvm/java-8-openjdk-amd64/jre/lib/jce.jar:/usr/lib/jvm/java-8-openjdk-amd64/jre/lib/charsets.jar:/usr/lib/jvm/java-8-openjdk-amd64/jre/lib/jfr.jar:/usr/lib/jvm/java-8-openjdk-amd64/jre/classes"/>
    <property name="java.vendor" value="Oracle Corporation"/>
    <property name="maven.home" value="/home/hp/eclipse-workspace/ImFootball/EMBEDDED"/>
    <property name="file.separator" value="/"/>
    <property name="java.vendor.url.bug" value="http://bugreport.sun.com/bugreport/"/>
    <property name="sun.cpu.endian" value="little"/>
    <property name="sun.io.unicode.encoding" value="UnicodeLittle"/>
    <property name="sun.desktop" value="gnome"/>
    <property name="sun.cpu.isalist" value=""/>
  </properties>
  <testcase name="Setup" classname="ucreate.com.ImFootball.Utilities.BrowserInstance" time="0.485">
    <failure message="org.openqa.selenium.json.JsonOutput.write(Ljava/lang/Object;Ljava/lang/reflect/Type;)Lorg/openqa/selenium/json/JsonOutput;" type="java.lang.NoSuchMethodError">java.lang.NoSuchMethodError: org.openqa.selenium.json.JsonOutput.write(Ljava/lang/Object;Ljava/lang/reflect/Type;)Lorg/openqa/selenium/json/JsonOutput;
	at ucreate.com.ImFootball.Utilities.BrowserInstance.Setup(BrowserInstance.java:24)
</failure>
  </testcase>
  <testcase name="clickOnLoginButton" classname="ucreate.com.ImFootball.Login.LoginTest" time="0">
    <skipped message="org.openqa.selenium.json.JsonOutput.write(Ljava/lang/Object;Ljava/lang/reflect/Type;)Lorg/openqa/selenium/json/JsonOutput;"/>
  </testcase>
  <testcase name="loginInvalidDeatils1" classname="ucreate.com.ImFootball.Login.LoginTest" time="0">
    <skipped message="org.openqa.selenium.json.JsonOutput.write(Ljava/lang/Object;Ljava/lang/reflect/Type;)Lorg/openqa/selenium/json/JsonOutput;"/>
  </testcase>
  <testcase name="loginInvalidDetails2" classname="ucreate.com.ImFootball.Login.LoginTest" time="0">
    <skipped message="org.openqa.selenium.json.JsonOutput.write(Ljava/lang/Object;Ljava/lang/reflect/Type;)Lorg/openqa/selenium/json/JsonOutput;"/>
  </testcase>
  <testcase name="loginInvalidDetails3" classname="ucreate.com.ImFootball.Login.LoginTest" time="0">
    <skipped message="org.openqa.selenium.json.JsonOutput.write(Ljava/lang/Object;Ljava/lang/reflect/Type;)Lorg/openqa/selenium/json/JsonOutput;"/>
  </testcase>
  <testcase name="loginInvalidDetails4" classname="ucreate.com.ImFootball.Login.LoginTest" time="0">
    <skipped message="org.openqa.selenium.json.JsonOutput.write(Ljava/lang/Object;Ljava/lang/reflect/Type;)Lorg/openqa/selenium/json/JsonOutput;"/>
  </testcase>
  <testcase name="loginInvalidDetails5" classname="ucreate.com.ImFootball.Login.LoginTest" time="0">
    <skipped message="org.openqa.selenium.json.JsonOutput.write(Ljava/lang/Object;Ljava/lang/reflect/Type;)Lorg/openqa/selenium/json/JsonOutput;"/>
  </testcase>
  <testcase name="loginInvalidDetails6" classname="ucreate.com.ImFootball.Login.LoginTest" time="0">
    <skipped message="org.openqa.selenium.json.JsonOutput.write(Ljava/lang/Object;Ljava/lang/reflect/Type;)Lorg/openqa/selenium/json/JsonOutput;"/>
  </testcase>
  <testcase name="loginInvalidDetails7" classname="ucreate.com.ImFootball.Login.LoginTest" time="0">
    <skipped message="org.openqa.selenium.json.JsonOutput.write(Ljava/lang/Object;Ljava/lang/reflect/Type;)Lorg/openqa/selenium/json/JsonOutput;"/>
  </testcase>
  <testcase name="loginInvalidDetails8" classname="ucreate.com.ImFootball.Login.LoginTest" time="0">
    <skipped message="org.openqa.selenium.json.JsonOutput.write(Ljava/lang/Object;Ljava/lang/reflect/Type;)Lorg/openqa/selenium/json/JsonOutput;"/>
  </testcase>
  <testcase name="loginInvalidDetails9" classname="ucreate.com.ImFootball.Login.LoginTest" time="0">
    <skipped message="org.openqa.selenium.json.JsonOutput.write(Ljava/lang/Object;Ljava/lang/reflect/Type;)Lorg/openqa/selenium/json/JsonOutput;"/>
  </testcase>
  <testcase name="loginInvalidDetails10" classname="ucreate.com.ImFootball.Login.LoginTest" time="0">
    <skipped message="org.openqa.selenium.json.JsonOutput.write(Ljava/lang/Object;Ljava/lang/reflect/Type;)Lorg/openqa/selenium/json/JsonOutput;"/>
  </testcase>
  <testcase name="loginInvalidDetails11" classname="ucreate.com.ImFootball.Login.LoginTest" time="0">
    <skipped message="org.openqa.selenium.json.JsonOutput.write(Ljava/lang/Object;Ljava/lang/reflect/Type;)Lorg/openqa/selenium/json/JsonOutput;"/>
  </testcase>
  <testcase name="loginValidDetails" classname="ucreate.com.ImFootball.Login.LoginTest" time="0">
    <skipped message="org.openqa.selenium.json.JsonOutput.write(Ljava/lang/Object;Ljava/lang/reflect/Type;)Lorg/openqa/selenium/json/JsonOutput;"/>
  </testcase>
  <testcase name="Signout" classname="ucreate.com.ImFootball.Login.LoginTest" time="0">
    <skipped message="org.openqa.selenium.json.JsonOutput.write(Ljava/lang/Object;Ljava/lang/reflect/Type;)Lorg/openqa/selenium/json/JsonOutput;"/>
  </testcase>
  <testcase name="tabOnLoginwithFacebook" classname="ucreate.com.ImFootball.Login.LoginTest" time="0">
    <skipped message="org.openqa.selenium.json.JsonOutput.write(Ljava/lang/Object;Ljava/lang/reflect/Type;)Lorg/openqa/selenium/json/JsonOutput;"/>
  </testcase>
  <testcase name="loginwithFB" classname="ucreate.com.ImFootball.Login.LoginTest" time="0">
    <skipped message="org.openqa.selenium.json.JsonOutput.write(Ljava/lang/Object;Ljava/lang/reflect/Type;)Lorg/openqa/selenium/json/JsonOutput;"/>
  </testcase>
  <testcase name="createAnAccount" classname="ucreate.com.ImFootball.Login.LoginTest" time="0">
    <skipped message="org.openqa.selenium.json.JsonOutput.write(Ljava/lang/Object;Ljava/lang/reflect/Type;)Lorg/openqa/selenium/json/JsonOutput;"/>
  </testcase>
</testsuite>