<?xml version="1.0" encoding="UTF-8"?>
<!-- Generated by org.testng.reporters.JUnitReportReporter -->
<testsuite skipped="0" hostname="hp-All-Series" name="ucreate.com.ImFootball.Utilities.BrowserInstanceTest" tests="1" failures="0" timestamp="08 May 2018 06:45:58 GMT" time="15.718" errors="0">
  <testcase name="f" time="15.718" classname="ucreate.com.ImFootball.Utilities.BrowserInstanceTest"/>
</testsuite> <!-- ucreate.com.ImFootball.Utilities.BrowserInstanceTest -->
