<?xml version="1.0" encoding="UTF-8"?>
<!-- Generated by org.testng.reporters.JUnitReportReporter -->
<testsuite skipped="0" hostname="hp-All-Series" name="ucreate.com.ImFootball.HomeTest.HomeTest" tests="1" failures="0" timestamp="08 May 2018 09:26:37 GMT" time="0.007" errors="0">
  <testcase name="test" time="0.007" classname="ucreate.com.ImFootball.HomeTest.HomeTest"/>
</testsuite> <!-- ucreate.com.ImFootball.HomeTest.HomeTest -->
