<?xml version="1.0" encoding="UTF-8"?>
<!-- Generated by org.testng.reporters.JUnitReportReporter -->
<testsuite skipped="0" hostname="hp-All-Series" name="ucreate.com.ImFootball.Home.HomeTest" tests="2" failures="0" timestamp="21 May 2018 05:19:37 GMT" time="8.299" errors="0">
  <testcase name="tabCreateAccountButton" time="6.887" classname="ucreate.com.ImFootball.Home.HomeTest"/>
  <testcase name="tabOnLoginButton" time="1.412" classname="ucreate.com.ImFootball.Home.HomeTest"/>
</testsuite> <!-- ucreate.com.ImFootball.Home.HomeTest -->
