<?xml version="1.0" encoding="UTF-8"?>
<!-- Generated by org.testng.reporters.JUnitReportReporter -->
<testsuite skipped="0" hostname="hp-All-Series" name="ucreate.com.ImFootball.CreateAccount.WhoDoYouSupportTest" tests="2" failures="0" timestamp="16 May 2018 12:05:09 GMT" time="21.717" errors="0">
  <testcase name="clickCreateAccountButton" time="2.714" classname="ucreate.com.ImFootball.CreateAccount.WhoDoYouSupportTest"/>
  <testcase name="call" time="19.003" classname="ucreate.com.ImFootball.CreateAccount.WhoDoYouSupportTest"/>
</testsuite> <!-- ucreate.com.ImFootball.CreateAccount.WhoDoYouSupportTest -->
