<?xml version="1.0" encoding="UTF-8"?>
<!-- Generated by org.testng.reporters.JUnitReportReporter -->
<testsuite name="ucreate.com.ImFootball.Login.LoginTest" tests="17" time="0.000" ignored="0" failures="0" timestamp="24 May 2018 10:19:09 GMT" skipped="17" hostname="hp-All-Series" errors="0">
  <testcase name="loginInvalidDetails2" time="0.000" classname="ucreate.com.ImFootball.Login.LoginTest">
    <skipped/>
  </testcase> <!-- loginInvalidDetails2 -->
  <testcase name="loginValidDetails" time="0.000" classname="ucreate.com.ImFootball.Login.LoginTest">
    <skipped/>
  </testcase> <!-- loginValidDetails -->
  <testcase name="loginInvalidDetails10" time="0.000" classname="ucreate.com.ImFootball.Login.LoginTest">
    <skipped/>
  </testcase> <!-- loginInvalidDetails10 -->
  <testcase name="createAnAccount" time="0.000" classname="ucreate.com.ImFootball.Login.LoginTest">
    <skipped/>
  </testcase> <!-- createAnAccount -->
  <testcase name="Signout" time="0.000" classname="ucreate.com.ImFootball.Login.LoginTest">
    <skipped/>
  </testcase> <!-- Signout -->
  <testcase name="loginInvalidDetails4" time="0.000" classname="ucreate.com.ImFootball.Login.LoginTest">
    <skipped/>
  </testcase> <!-- loginInvalidDetails4 -->
  <testcase name="loginInvalidDeatils1" time="0.000" classname="ucreate.com.ImFootball.Login.LoginTest">
    <skipped/>
  </testcase> <!-- loginInvalidDeatils1 -->
  <testcase name="tabOnLoginwithFacebook" time="0.000" classname="ucreate.com.ImFootball.Login.LoginTest">
    <skipped/>
  </testcase> <!-- tabOnLoginwithFacebook -->
  <testcase name="loginwithFB" time="0.000" classname="ucreate.com.ImFootball.Login.LoginTest">
    <skipped/>
  </testcase> <!-- loginwithFB -->
  <testcase name="loginInvalidDetails5" time="0.000" classname="ucreate.com.ImFootball.Login.LoginTest">
    <skipped/>
  </testcase> <!-- loginInvalidDetails5 -->
  <testcase name="loginInvalidDetails9" time="0.000" classname="ucreate.com.ImFootball.Login.LoginTest">
    <skipped/>
  </testcase> <!-- loginInvalidDetails9 -->
  <testcase name="loginInvalidDetails8" time="0.000" classname="ucreate.com.ImFootball.Login.LoginTest">
    <skipped/>
  </testcase> <!-- loginInvalidDetails8 -->
  <testcase name="loginInvalidDetails11" time="0.000" classname="ucreate.com.ImFootball.Login.LoginTest">
    <skipped/>
  </testcase> <!-- loginInvalidDetails11 -->
  <testcase name="loginInvalidDetails6" time="0.000" classname="ucreate.com.ImFootball.Login.LoginTest">
    <skipped/>
  </testcase> <!-- loginInvalidDetails6 -->
  <testcase name="loginInvalidDetails3" time="0.000" classname="ucreate.com.ImFootball.Login.LoginTest">
    <skipped/>
  </testcase> <!-- loginInvalidDetails3 -->
  <testcase name="clickOnLoginButton" time="0.000" classname="ucreate.com.ImFootball.Login.LoginTest">
    <skipped/>
  </testcase> <!-- clickOnLoginButton -->
  <testcase name="loginInvalidDetails7" time="0.000" classname="ucreate.com.ImFootball.Login.LoginTest">
    <skipped/>
  </testcase> <!-- loginInvalidDetails7 -->
</testsuite> <!-- ucreate.com.ImFootball.Login.LoginTest -->
